17:40:18.968 [background-preinit] INFO  org.hibernate.validator.internal.util.Version - HV000001: Hibernate Validator 8.0.2.Final
17:40:19.003 [restartedMain] INFO  kr.co.sist.HotelMimirApplication - Starting HotelMimirApplication using Java 17.0.3 with PID 4728 (C:\dev\git\hotel_mimir\target\classes started by user in C:\dev\git\hotel_mimir)
17:40:19.005 [restartedMain] INFO  kr.co.sist.HotelMimirApplication - The following 1 profile is active: "dev"
17:40:19.030 [restartedMain] INFO  org.springframework.boot.devtools.restart.ChangeableUrls - The Class-Path manifest attribute in C:\Users\user\.m2\repository\com\oracle\database\jdbc\ojdbc11\23.7.0.25.01\ojdbc11-23.7.0.25.01.jar referenced one or more files that do not exist: file:/C:/Users/user/.m2/repository/com/oracle/database/jdbc/ojdbc11/23.7.0.25.01/oraclepki.jar
17:40:19.032 [restartedMain] INFO  org.springframework.boot.devtools.env.DevToolsPropertyDefaultsPostProcessor - Devtools property defaults active! Set 'spring.devtools.add-properties' to 'false' to disable
17:40:19.032 [restartedMain] INFO  org.springframework.boot.devtools.env.DevToolsPropertyDefaultsPostProcessor - For additional web related logging consider setting the 'logging.level.web' property to 'DEBUG'
17:40:19.463 [restartedMain] DEBUG org.mybatis.spring.boot.autoconfigure.MybatisAutoConfiguration - Searching for mappers annotated with @Mapper
17:40:19.463 [restartedMain] DEBUG org.mybatis.spring.boot.autoconfigure.MybatisAutoConfiguration - Using auto-configuration base package 'kr.co.sist'
17:40:19.557 [restartedMain] DEBUG org.mybatis.spring.mapper.ClassPathMapperScanner - Identified candidate component class: file [C:\dev\git\hotel_mimir\target\classes\kr\co\sist\administrator\AdministratorMapper.class]
17:40:19.557 [restartedMain] DEBUG org.mybatis.spring.mapper.ClassPathMapperScanner - Identified candidate component class: file [C:\dev\git\hotel_mimir\target\classes\kr\co\sist\chat\ChatMessageMapper.class]
17:40:19.557 [restartedMain] DEBUG org.mybatis.spring.mapper.ClassPathMapperScanner - Identified candidate component class: file [C:\dev\git\hotel_mimir\target\classes\kr\co\sist\chat\ChatRoomMapper.class]
17:40:19.557 [restartedMain] DEBUG org.mybatis.spring.mapper.ClassPathMapperScanner - Identified candidate component class: file [C:\dev\git\hotel_mimir\target\classes\kr\co\sist\diningresv\DiningResvMapper.class]
17:40:19.557 [restartedMain] DEBUG org.mybatis.spring.mapper.ClassPathMapperScanner - Identified candidate component class: file [C:\dev\git\hotel_mimir\target\classes\kr\co\sist\dining\user\DiningMapper.class]
17:40:19.557 [restartedMain] DEBUG org.mybatis.spring.mapper.ClassPathMapperScanner - Identified candidate component class: file [C:\dev\git\hotel_mimir\target\classes\kr\co\sist\FAQ\FAQMapper.class]
17:40:19.557 [restartedMain] DEBUG org.mybatis.spring.mapper.ClassPathMapperScanner - Identified candidate component class: file [C:\dev\git\hotel_mimir\target\classes\kr\co\sist\filepath\FilePathMapper.class]
17:40:19.558 [restartedMain] DEBUG org.mybatis.spring.mapper.ClassPathMapperScanner - Identified candidate component class: file [C:\dev\git\hotel_mimir\target\classes\kr\co\sist\member\MemberMapper.class]
17:40:19.558 [restartedMain] DEBUG org.mybatis.spring.mapper.ClassPathMapperScanner - Identified candidate component class: file [C:\dev\git\hotel_mimir\target\classes\kr\co\sist\nonmember\NonMemberMapper.class]
17:40:19.558 [restartedMain] DEBUG org.mybatis.spring.mapper.ClassPathMapperScanner - Identified candidate component class: file [C:\dev\git\hotel_mimir\target\classes\kr\co\sist\payment\PaymentMapper.class]
17:40:19.558 [restartedMain] DEBUG org.mybatis.spring.mapper.ClassPathMapperScanner - Identified candidate component class: file [C:\dev\git\hotel_mimir\target\classes\kr\co\sist\resvroom\ReservationMapper.class]
17:40:19.558 [restartedMain] DEBUG org.mybatis.spring.mapper.ClassPathMapperScanner - Identified candidate component class: file [C:\dev\git\hotel_mimir\target\classes\kr\co\sist\room\RoomMapper.class]
17:40:19.558 [restartedMain] DEBUG org.mybatis.spring.mapper.ClassPathMapperScanner - Identified candidate component class: file [C:\dev\git\hotel_mimir\target\classes\kr\co\sist\util\mapper\DynamicSearchMapper.class]
17:40:19.559 [restartedMain] DEBUG org.mybatis.spring.mapper.ClassPathMapperScanner - Creating MapperFactoryBean with name 'administratorMapper' and 'kr.co.sist.administrator.AdministratorMapper' mapperInterface
17:40:19.560 [restartedMain] DEBUG org.mybatis.spring.mapper.ClassPathMapperScanner - Creating MapperFactoryBean with name 'chatMessageMapper' and 'kr.co.sist.chat.ChatMessageMapper' mapperInterface
17:40:19.560 [restartedMain] DEBUG org.mybatis.spring.mapper.ClassPathMapperScanner - Creating MapperFactoryBean with name 'chatRoomMapper' and 'kr.co.sist.chat.ChatRoomMapper' mapperInterface
17:40:19.561 [restartedMain] DEBUG org.mybatis.spring.mapper.ClassPathMapperScanner - Creating MapperFactoryBean with name 'diningResvMapper' and 'kr.co.sist.diningresv.DiningResvMapper' mapperInterface
17:40:19.561 [restartedMain] DEBUG org.mybatis.spring.mapper.ClassPathMapperScanner - Creating MapperFactoryBean with name 'diningMapper' and 'kr.co.sist.dining.user.DiningMapper' mapperInterface
17:40:19.561 [restartedMain] DEBUG org.mybatis.spring.mapper.ClassPathMapperScanner - Creating MapperFactoryBean with name 'FAQMapper' and 'kr.co.sist.FAQ.FAQMapper' mapperInterface
17:40:19.561 [restartedMain] DEBUG org.mybatis.spring.mapper.ClassPathMapperScanner - Creating MapperFactoryBean with name 'filePathMapper' and 'kr.co.sist.filepath.FilePathMapper' mapperInterface
17:40:19.562 [restartedMain] DEBUG org.mybatis.spring.mapper.ClassPathMapperScanner - Creating MapperFactoryBean with name 'memberMapper' and 'kr.co.sist.member.MemberMapper' mapperInterface
17:40:19.562 [restartedMain] DEBUG org.mybatis.spring.mapper.ClassPathMapperScanner - Creating MapperFactoryBean with name 'nonMemberMapper' and 'kr.co.sist.nonmember.NonMemberMapper' mapperInterface
17:40:19.562 [restartedMain] DEBUG org.mybatis.spring.mapper.ClassPathMapperScanner - Creating MapperFactoryBean with name 'paymentMapper' and 'kr.co.sist.payment.PaymentMapper' mapperInterface
17:40:19.562 [restartedMain] DEBUG org.mybatis.spring.mapper.ClassPathMapperScanner - Creating MapperFactoryBean with name 'reservationMapper' and 'kr.co.sist.resvroom.ReservationMapper' mapperInterface
17:40:19.563 [restartedMain] DEBUG org.mybatis.spring.mapper.ClassPathMapperScanner - Creating MapperFactoryBean with name 'roomMapper' and 'kr.co.sist.room.RoomMapper' mapperInterface
17:40:19.563 [restartedMain] DEBUG org.mybatis.spring.mapper.ClassPathMapperScanner - Creating MapperFactoryBean with name 'dynamicSearchMapper' and 'kr.co.sist.util.mapper.DynamicSearchMapper' mapperInterface
17:40:19.898 [restartedMain] INFO  org.springframework.boot.web.embedded.tomcat.TomcatWebServer - Tomcat initialized with port 8080 (http)
17:40:19.904 [restartedMain] INFO  org.apache.coyote.http11.Http11NioProtocol - Initializing ProtocolHandler ["http-nio-8080"]
17:40:19.905 [restartedMain] INFO  org.apache.catalina.core.StandardService - Starting service [Tomcat]
17:40:19.905 [restartedMain] INFO  org.apache.catalina.core.StandardEngine - Starting Servlet engine: [Apache Tomcat/10.1.42]
17:40:19.943 [restartedMain] INFO  org.apache.catalina.core.ContainerBase.[Tomcat].[localhost].[/] - Initializing Spring embedded WebApplicationContext
17:40:19.943 [restartedMain] INFO  org.springframework.boot.web.servlet.context.ServletWebServerApplicationContext - Root WebApplicationContext: initialization completed in 910 ms
17:40:20.140 [restartedMain] DEBUG org.mybatis.spring.SqlSessionFactoryBean - Parsed mapper file: 'file [C:\dev\git\hotel_mimir\target\classes\mapper\administrator\administratorMapper.xml]'
17:40:20.150 [restartedMain] DEBUG org.mybatis.spring.SqlSessionFactoryBean - Parsed mapper file: 'file [C:\dev\git\hotel_mimir\target\classes\mapper\chatMapper.xml]'
17:40:20.155 [restartedMain] DEBUG org.mybatis.spring.SqlSessionFactoryBean - Parsed mapper file: 'file [C:\dev\git\hotel_mimir\target\classes\mapper\chatMessageMapper.xml]'
17:40:20.164 [restartedMain] DEBUG org.mybatis.spring.SqlSessionFactoryBean - Parsed mapper file: 'file [C:\dev\git\hotel_mimir\target\classes\mapper\diningMapper.xml]'
17:40:20.172 [restartedMain] DEBUG org.mybatis.spring.SqlSessionFactoryBean - Parsed mapper file: 'file [C:\dev\git\hotel_mimir\target\classes\mapper\diningResvMapper.xml]'
17:40:20.183 [restartedMain] DEBUG org.mybatis.spring.SqlSessionFactoryBean - Parsed mapper file: 'file [C:\dev\git\hotel_mimir\target\classes\mapper\dynamicSearchMapper.xml]'
17:40:20.187 [restartedMain] DEBUG org.mybatis.spring.SqlSessionFactoryBean - Parsed mapper file: 'file [C:\dev\git\hotel_mimir\target\classes\mapper\FAQMapper.xml]'
17:40:20.191 [restartedMain] DEBUG org.mybatis.spring.SqlSessionFactoryBean - Parsed mapper file: 'file [C:\dev\git\hotel_mimir\target\classes\mapper\filepath.xml]'
17:40:20.197 [restartedMain] DEBUG org.mybatis.spring.SqlSessionFactoryBean - Parsed mapper file: 'file [C:\dev\git\hotel_mimir\target\classes\mapper\MemberMapper.xml]'
17:40:20.200 [restartedMain] DEBUG org.mybatis.spring.SqlSessionFactoryBean - Parsed mapper file: 'file [C:\dev\git\hotel_mimir\target\classes\mapper\nonMemberMapper.xml]'
17:40:20.207 [restartedMain] DEBUG org.mybatis.spring.SqlSessionFactoryBean - Parsed mapper file: 'file [C:\dev\git\hotel_mimir\target\classes\mapper\paymentMapper.xml]'
17:40:20.215 [restartedMain] DEBUG org.mybatis.spring.SqlSessionFactoryBean - Parsed mapper file: 'file [C:\dev\git\hotel_mimir\target\classes\mapper\reservationMapper.xml]'
17:40:20.220 [restartedMain] DEBUG org.mybatis.spring.SqlSessionFactoryBean - Parsed mapper file: 'file [C:\dev\git\hotel_mimir\target\classes\mapper\roomMapper.xml]'
17:40:20.372 [restartedMain] WARN  org.springframework.boot.autoconfigure.security.servlet.UserDetailsServiceAutoConfiguration - 

Using generated security password: 9be05489-373b-4a94-bfab-936787f8f786

This generated password is for development use only. Your security configuration must be updated before running your application in production.

17:40:20.376 [restartedMain] INFO  org.springframework.security.config.annotation.authentication.configuration.InitializeUserDetailsBeanManagerConfigurer$InitializeUserDetailsManagerConfigurer - Global AuthenticationManager configured with UserDetailsService bean with name inMemoryUserDetailsManager
17:40:20.445 [restartedMain] INFO  org.springframework.boot.autoconfigure.web.servlet.WelcomePageHandlerMapping - Adding welcome page template: index
17:40:20.662 [restartedMain] DEBUG org.mybatis.spring.boot.autoconfigure.MybatisAutoConfiguration - Not found configuration for registering mapper bean using @MapperScan, MapperFactoryBean and MapperScannerConfigurer.
17:40:20.903 [restartedMain] INFO  org.springframework.boot.devtools.autoconfigure.OptionalLiveReloadServer - LiveReload server is running on port 35729
17:40:20.915 [restartedMain] INFO  org.apache.coyote.http11.Http11NioProtocol - Starting ProtocolHandler ["http-nio-8080"]
17:40:20.926 [restartedMain] INFO  org.springframework.boot.web.embedded.tomcat.TomcatWebServer - Tomcat started on port 8080 (http) with context path '/'
17:40:20.931 [restartedMain] INFO  kr.co.sist.HotelMimirApplication - Started HotelMimirApplication in 2.194 seconds (process running for 2.561)
17:40:22.611 [http-nio-8080-exec-1] INFO  org.apache.catalina.core.ContainerBase.[Tomcat].[localhost].[/] - Initializing Spring DispatcherServlet 'dispatcherServlet'
17:40:22.611 [http-nio-8080-exec-1] INFO  org.springframework.web.servlet.DispatcherServlet - Initializing Servlet 'dispatcherServlet'
17:40:22.612 [http-nio-8080-exec-1] INFO  org.springframework.web.servlet.DispatcherServlet - Completed initialization in 1 ms
17:40:31.617 [http-nio-8080-exec-10] INFO  com.zaxxer.hikari.HikariDataSource - HikariPool-1 - Starting...
17:40:31.869 [http-nio-8080-exec-10] INFO  com.zaxxer.hikari.pool.HikariPool - HikariPool-1 - Added connection oracle.jdbc.driver.T4CConnection@1b748413
17:40:31.869 [http-nio-8080-exec-10] INFO  com.zaxxer.hikari.HikariDataSource - HikariPool-1 - Start completed.
17:40:33.165 [http-nio-8080-exec-7] WARN  org.thymeleaf.standard.processor.AbstractStandardFragmentInsertionTagProcessor - [THYMELEAF][http-nio-8080-exec-7][inquiry/inquiry] Deprecated unwrapped fragment expression "fragments/footer :: footerFragment" found in template inquiry/inquiry, line 76, col 7. Please use the complete syntax of fragment expressions instead ("~{fragments/footer :: footerFragment}"). The old, unwrapped syntax for fragment expressions will be removed in future versions of Thymeleaf.
17:40:35.233 [http-nio-8080-exec-8] WARN  org.thymeleaf.standard.processor.AbstractStandardFragmentInsertionTagProcessor - [THYMELEAF][http-nio-8080-exec-8][inquiry/inquiry] Deprecated unwrapped fragment expression "fragments/footer :: footerFragment" found in template inquiry/inquiry, line 76, col 7. Please use the complete syntax of fragment expressions instead ("~{fragments/footer :: footerFragment}"). The old, unwrapped syntax for fragment expressions will be removed in future versions of Thymeleaf.
17:41:37.747 [RMI TCP Connection(5)-127.0.0.1] INFO  org.springframework.boot.admin.SpringApplicationAdminMXBeanRegistrar$SpringApplicationAdmin - Application shutdown requested.
17:41:37.749 [RMI TCP Connection(5)-127.0.0.1] INFO  org.springframework.boot.web.embedded.tomcat.GracefulShutdown - Commencing graceful shutdown. Waiting for active requests to complete
17:41:37.751 [tomcat-shutdown] INFO  org.apache.coyote.http11.Http11NioProtocol - Pausing ProtocolHandler ["http-nio-8080"]
17:41:38.084 [tomcat-shutdown] INFO  org.springframework.boot.web.embedded.tomcat.GracefulShutdown - Graceful shutdown complete
17:41:38.085 [RMI TCP Connection(5)-127.0.0.1] INFO  org.apache.coyote.http11.Http11NioProtocol - Stopping ProtocolHandler ["http-nio-8080"]
17:41:38.090 [RMI TCP Connection(5)-127.0.0.1] INFO  com.zaxxer.hikari.HikariDataSource - HikariPool-1 - Shutdown initiated...
17:41:38.124 [RMI TCP Connection(5)-127.0.0.1] INFO  com.zaxxer.hikari.HikariDataSource - HikariPool-1 - Shutdown completed.
17:47:35.676 [background-preinit] INFO  org.hibernate.validator.internal.util.Version - HV000001: Hibernate Validator 8.0.2.Final
17:47:35.710 [restartedMain] INFO  kr.co.sist.HotelMimirApplication - Starting HotelMimirApplication using Java 17.0.3 with PID 35788 (C:\dev\git\hotel_mimir\target\classes started by user in C:\dev\git\hotel_mimir)
17:47:35.712 [restartedMain] INFO  kr.co.sist.HotelMimirApplication - The following 1 profile is active: "dev"
17:47:35.735 [restartedMain] INFO  org.springframework.boot.devtools.restart.ChangeableUrls - The Class-Path manifest attribute in C:\Users\user\.m2\repository\com\oracle\database\jdbc\ojdbc11\23.7.0.25.01\ojdbc11-23.7.0.25.01.jar referenced one or more files that do not exist: file:/C:/Users/user/.m2/repository/com/oracle/database/jdbc/ojdbc11/23.7.0.25.01/oraclepki.jar
17:47:35.735 [restartedMain] INFO  org.springframework.boot.devtools.env.DevToolsPropertyDefaultsPostProcessor - Devtools property defaults active! Set 'spring.devtools.add-properties' to 'false' to disable
17:47:35.735 [restartedMain] INFO  org.springframework.boot.devtools.env.DevToolsPropertyDefaultsPostProcessor - For additional web related logging consider setting the 'logging.level.web' property to 'DEBUG'
17:47:36.151 [restartedMain] DEBUG org.mybatis.spring.boot.autoconfigure.MybatisAutoConfiguration - Searching for mappers annotated with @Mapper
17:47:36.151 [restartedMain] DEBUG org.mybatis.spring.boot.autoconfigure.MybatisAutoConfiguration - Using auto-configuration base package 'kr.co.sist'
17:47:36.243 [restartedMain] DEBUG org.mybatis.spring.mapper.ClassPathMapperScanner - Identified candidate component class: file [C:\dev\git\hotel_mimir\target\classes\kr\co\sist\administrator\AdministratorMapper.class]
17:47:36.244 [restartedMain] DEBUG org.mybatis.spring.mapper.ClassPathMapperScanner - Identified candidate component class: file [C:\dev\git\hotel_mimir\target\classes\kr\co\sist\chat\ChatMessageMapper.class]
17:47:36.244 [restartedMain] DEBUG org.mybatis.spring.mapper.ClassPathMapperScanner - Identified candidate component class: file [C:\dev\git\hotel_mimir\target\classes\kr\co\sist\chat\ChatRoomMapper.class]
17:47:36.244 [restartedMain] DEBUG org.mybatis.spring.mapper.ClassPathMapperScanner - Identified candidate component class: file [C:\dev\git\hotel_mimir\target\classes\kr\co\sist\diningresv\DiningResvMapper.class]
17:47:36.244 [restartedMain] DEBUG org.mybatis.spring.mapper.ClassPathMapperScanner - Identified candidate component class: file [C:\dev\git\hotel_mimir\target\classes\kr\co\sist\dining\user\DiningMapper.class]
17:47:36.244 [restartedMain] DEBUG org.mybatis.spring.mapper.ClassPathMapperScanner - Identified candidate component class: file [C:\dev\git\hotel_mimir\target\classes\kr\co\sist\FAQ\FAQMapper.class]
17:47:36.244 [restartedMain] DEBUG org.mybatis.spring.mapper.ClassPathMapperScanner - Identified candidate component class: file [C:\dev\git\hotel_mimir\target\classes\kr\co\sist\filepath\FilePathMapper.class]
17:47:36.245 [restartedMain] DEBUG org.mybatis.spring.mapper.ClassPathMapperScanner - Identified candidate component class: file [C:\dev\git\hotel_mimir\target\classes\kr\co\sist\member\MemberMapper.class]
17:47:36.245 [restartedMain] DEBUG org.mybatis.spring.mapper.ClassPathMapperScanner - Identified candidate component class: file [C:\dev\git\hotel_mimir\target\classes\kr\co\sist\nonmember\NonMemberMapper.class]
17:47:36.245 [restartedMain] DEBUG org.mybatis.spring.mapper.ClassPathMapperScanner - Identified candidate component class: file [C:\dev\git\hotel_mimir\target\classes\kr\co\sist\payment\PaymentMapper.class]
17:47:36.245 [restartedMain] DEBUG org.mybatis.spring.mapper.ClassPathMapperScanner - Identified candidate component class: file [C:\dev\git\hotel_mimir\target\classes\kr\co\sist\resvroom\ReservationMapper.class]
17:47:36.245 [restartedMain] DEBUG org.mybatis.spring.mapper.ClassPathMapperScanner - Identified candidate component class: file [C:\dev\git\hotel_mimir\target\classes\kr\co\sist\room\RoomMapper.class]
17:47:36.245 [restartedMain] DEBUG org.mybatis.spring.mapper.ClassPathMapperScanner - Identified candidate component class: file [C:\dev\git\hotel_mimir\target\classes\kr\co\sist\util\mapper\DynamicSearchMapper.class]
17:47:36.246 [restartedMain] DEBUG org.mybatis.spring.mapper.ClassPathMapperScanner - Creating MapperFactoryBean with name 'administratorMapper' and 'kr.co.sist.administrator.AdministratorMapper' mapperInterface
17:47:36.247 [restartedMain] DEBUG org.mybatis.spring.mapper.ClassPathMapperScanner - Creating MapperFactoryBean with name 'chatMessageMapper' and 'kr.co.sist.chat.ChatMessageMapper' mapperInterface
17:47:36.247 [restartedMain] DEBUG org.mybatis.spring.mapper.ClassPathMapperScanner - Creating MapperFactoryBean with name 'chatRoomMapper' and 'kr.co.sist.chat.ChatRoomMapper' mapperInterface
17:47:36.247 [restartedMain] DEBUG org.mybatis.spring.mapper.ClassPathMapperScanner - Creating MapperFactoryBean with name 'diningResvMapper' and 'kr.co.sist.diningresv.DiningResvMapper' mapperInterface
17:47:36.247 [restartedMain] DEBUG org.mybatis.spring.mapper.ClassPathMapperScanner - Creating MapperFactoryBean with name 'diningMapper' and 'kr.co.sist.dining.user.DiningMapper' mapperInterface
17:47:36.247 [restartedMain] DEBUG org.mybatis.spring.mapper.ClassPathMapperScanner - Creating MapperFactoryBean with name 'FAQMapper' and 'kr.co.sist.FAQ.FAQMapper' mapperInterface
17:47:36.247 [restartedMain] DEBUG org.mybatis.spring.mapper.ClassPathMapperScanner - Creating MapperFactoryBean with name 'filePathMapper' and 'kr.co.sist.filepath.FilePathMapper' mapperInterface
17:47:36.248 [restartedMain] DEBUG org.mybatis.spring.mapper.ClassPathMapperScanner - Creating MapperFactoryBean with name 'memberMapper' and 'kr.co.sist.member.MemberMapper' mapperInterface
17:47:36.249 [restartedMain] DEBUG org.mybatis.spring.mapper.ClassPathMapperScanner - Creating MapperFactoryBean with name 'nonMemberMapper' and 'kr.co.sist.nonmember.NonMemberMapper' mapperInterface
17:47:36.249 [restartedMain] DEBUG org.mybatis.spring.mapper.ClassPathMapperScanner - Creating MapperFactoryBean with name 'paymentMapper' and 'kr.co.sist.payment.PaymentMapper' mapperInterface
17:47:36.249 [restartedMain] DEBUG org.mybatis.spring.mapper.ClassPathMapperScanner - Creating MapperFactoryBean with name 'reservationMapper' and 'kr.co.sist.resvroom.ReservationMapper' mapperInterface
17:47:36.249 [restartedMain] DEBUG org.mybatis.spring.mapper.ClassPathMapperScanner - Creating MapperFactoryBean with name 'roomMapper' and 'kr.co.sist.room.RoomMapper' mapperInterface
17:47:36.249 [restartedMain] DEBUG org.mybatis.spring.mapper.ClassPathMapperScanner - Creating MapperFactoryBean with name 'dynamicSearchMapper' and 'kr.co.sist.util.mapper.DynamicSearchMapper' mapperInterface
17:47:36.575 [restartedMain] INFO  org.springframework.boot.web.embedded.tomcat.TomcatWebServer - Tomcat initialized with port 8080 (http)
17:47:36.581 [restartedMain] INFO  org.apache.coyote.http11.Http11NioProtocol - Initializing ProtocolHandler ["http-nio-8080"]
17:47:36.582 [restartedMain] INFO  org.apache.catalina.core.StandardService - Starting service [Tomcat]
17:47:36.582 [restartedMain] INFO  org.apache.catalina.core.StandardEngine - Starting Servlet engine: [Apache Tomcat/10.1.42]
17:47:36.617 [restartedMain] INFO  org.apache.catalina.core.ContainerBase.[Tomcat].[localhost].[/] - Initializing Spring embedded WebApplicationContext
17:47:36.617 [restartedMain] INFO  org.springframework.boot.web.servlet.context.ServletWebServerApplicationContext - Root WebApplicationContext: initialization completed in 881 ms
17:47:36.813 [restartedMain] DEBUG org.mybatis.spring.SqlSessionFactoryBean - Parsed mapper file: 'file [C:\dev\git\hotel_mimir\target\classes\mapper\administrator\administratorMapper.xml]'
17:47:36.820 [restartedMain] DEBUG org.mybatis.spring.SqlSessionFactoryBean - Parsed mapper file: 'file [C:\dev\git\hotel_mimir\target\classes\mapper\chatMapper.xml]'
17:47:36.825 [restartedMain] DEBUG org.mybatis.spring.SqlSessionFactoryBean - Parsed mapper file: 'file [C:\dev\git\hotel_mimir\target\classes\mapper\chatMessageMapper.xml]'
17:47:36.833 [restartedMain] DEBUG org.mybatis.spring.SqlSessionFactoryBean - Parsed mapper file: 'file [C:\dev\git\hotel_mimir\target\classes\mapper\diningMapper.xml]'
17:47:36.840 [restartedMain] DEBUG org.mybatis.spring.SqlSessionFactoryBean - Parsed mapper file: 'file [C:\dev\git\hotel_mimir\target\classes\mapper\diningResvMapper.xml]'
17:47:36.852 [restartedMain] DEBUG org.mybatis.spring.SqlSessionFactoryBean - Parsed mapper file: 'file [C:\dev\git\hotel_mimir\target\classes\mapper\dynamicSearchMapper.xml]'
17:47:36.856 [restartedMain] DEBUG org.mybatis.spring.SqlSessionFactoryBean - Parsed mapper file: 'file [C:\dev\git\hotel_mimir\target\classes\mapper\FAQMapper.xml]'
17:47:36.859 [restartedMain] DEBUG org.mybatis.spring.SqlSessionFactoryBean - Parsed mapper file: 'file [C:\dev\git\hotel_mimir\target\classes\mapper\filepath.xml]'
17:47:36.863 [restartedMain] DEBUG org.mybatis.spring.SqlSessionFactoryBean - Parsed mapper file: 'file [C:\dev\git\hotel_mimir\target\classes\mapper\MemberMapper.xml]'
17:47:36.871 [restartedMain] DEBUG org.mybatis.spring.SqlSessionFactoryBean - Parsed mapper file: 'file [C:\dev\git\hotel_mimir\target\classes\mapper\nonMemberMapper.xml]'
17:47:36.878 [restartedMain] DEBUG org.mybatis.spring.SqlSessionFactoryBean - Parsed mapper file: 'file [C:\dev\git\hotel_mimir\target\classes\mapper\paymentMapper.xml]'
17:47:36.882 [restartedMain] DEBUG org.mybatis.spring.SqlSessionFactoryBean - Parsed mapper file: 'file [C:\dev\git\hotel_mimir\target\classes\mapper\reservationMapper.xml]'
17:47:36.887 [restartedMain] DEBUG org.mybatis.spring.SqlSessionFactoryBean - Parsed mapper file: 'file [C:\dev\git\hotel_mimir\target\classes\mapper\roomMapper.xml]'
17:47:37.031 [restartedMain] WARN  org.springframework.boot.autoconfigure.security.servlet.UserDetailsServiceAutoConfiguration - 

Using generated security password: 403ab5dc-6975-4ed1-be05-577e4d70f81e

This generated password is for development use only. Your security configuration must be updated before running your application in production.

17:47:37.035 [restartedMain] INFO  org.springframework.security.config.annotation.authentication.configuration.InitializeUserDetailsBeanManagerConfigurer$InitializeUserDetailsManagerConfigurer - Global AuthenticationManager configured with UserDetailsService bean with name inMemoryUserDetailsManager
17:47:37.106 [restartedMain] INFO  org.springframework.boot.autoconfigure.web.servlet.WelcomePageHandlerMapping - Adding welcome page template: index
17:47:37.324 [restartedMain] DEBUG org.mybatis.spring.boot.autoconfigure.MybatisAutoConfiguration - Not found configuration for registering mapper bean using @MapperScan, MapperFactoryBean and MapperScannerConfigurer.
17:47:37.567 [restartedMain] INFO  org.springframework.boot.devtools.autoconfigure.OptionalLiveReloadServer - LiveReload server is running on port 35729
17:47:37.579 [restartedMain] INFO  org.apache.coyote.http11.Http11NioProtocol - Starting ProtocolHandler ["http-nio-8080"]
17:47:37.590 [restartedMain] INFO  org.springframework.boot.web.embedded.tomcat.TomcatWebServer - Tomcat started on port 8080 (http) with context path '/'
17:47:37.596 [restartedMain] INFO  kr.co.sist.HotelMimirApplication - Started HotelMimirApplication in 2.144 seconds (process running for 2.507)
17:47:37.782 [http-nio-8080-exec-1] INFO  org.apache.catalina.core.ContainerBase.[Tomcat].[localhost].[/] - Initializing Spring DispatcherServlet 'dispatcherServlet'
17:47:37.782 [http-nio-8080-exec-1] INFO  org.springframework.web.servlet.DispatcherServlet - Initializing Servlet 'dispatcherServlet'
17:47:37.783 [http-nio-8080-exec-1] INFO  org.springframework.web.servlet.DispatcherServlet - Completed initialization in 0 ms
17:47:46.361 [http-nio-8080-exec-2] INFO  com.zaxxer.hikari.HikariDataSource - HikariPool-1 - Starting...
17:47:46.582 [http-nio-8080-exec-2] INFO  com.zaxxer.hikari.pool.HikariPool - HikariPool-1 - Added connection oracle.jdbc.driver.T4CConnection@136fdf0a
17:47:46.583 [http-nio-8080-exec-2] INFO  com.zaxxer.hikari.HikariDataSource - HikariPool-1 - Start completed.
17:47:49.230 [http-nio-8080-exec-9] WARN  org.thymeleaf.standard.processor.AbstractStandardFragmentInsertionTagProcessor - [THYMELEAF][http-nio-8080-exec-9][inquiry/inquiry] Deprecated unwrapped fragment expression "fragments/footer :: footerFragment" found in template inquiry/inquiry, line 76, col 7. Please use the complete syntax of fragment expressions instead ("~{fragments/footer :: footerFragment}"). The old, unwrapped syntax for fragment expressions will be removed in future versions of Thymeleaf.
17:48:12.806 [http-nio-8080-exec-2] WARN  org.thymeleaf.standard.processor.AbstractStandardFragmentInsertionTagProcessor - [THYMELEAF][http-nio-8080-exec-2][inquiry/inquiry] Deprecated unwrapped fragment expression "fragments/footer :: footerFragment" found in template inquiry/inquiry, line 76, col 7. Please use the complete syntax of fragment expressions instead ("~{fragments/footer :: footerFragment}"). The old, unwrapped syntax for fragment expressions will be removed in future versions of Thymeleaf.
18:03:43.652 [http-nio-8080-exec-4] INFO  org.apache.coyote.http11.Http11Processor - Error parsing HTTP request header
 Note: further occurrences of HTTP request parsing errors will be logged at DEBUG level.
java.lang.IllegalArgumentException: Invalid character found in method name [0x050x010x00...]. HTTP method names must be tokens
	at org.apache.coyote.http11.Http11InputBuffer.parseRequestLine(Http11InputBuffer.java:403)
	at org.apache.coyote.http11.Http11Processor.service(Http11Processor.java:271)
	at org.apache.coyote.AbstractProcessorLight.process(AbstractProcessorLight.java:63)
	at org.apache.coyote.AbstractProtocol$ConnectionHandler.process(AbstractProtocol.java:903)
	at org.apache.tomcat.util.net.NioEndpoint$SocketProcessor.doRun(NioEndpoint.java:1769)
	at org.apache.tomcat.util.net.SocketProcessorBase.run(SocketProcessorBase.java:52)
	at org.apache.tomcat.util.threads.ThreadPoolExecutor.runWorker(ThreadPoolExecutor.java:1189)
	at org.apache.tomcat.util.threads.ThreadPoolExecutor$Worker.run(ThreadPoolExecutor.java:658)
	at org.apache.tomcat.util.threads.TaskThread$WrappingRunnable.run(TaskThread.java:63)
	at java.base/java.lang.Thread.run(Thread.java:833)
18:10:48.505 [http-nio-8080-exec-5] WARN  org.thymeleaf.standard.processor.AbstractStandardFragmentInsertionTagProcessor - [THYMELEAF][http-nio-8080-exec-5][inquiry/inquiry] Deprecated unwrapped fragment expression "fragments/footer :: footerFragment" found in template inquiry/inquiry, line 79, col 8. Please use the complete syntax of fragment expressions instead ("~{fragments/footer :: footerFragment}"). The old, unwrapped syntax for fragment expressions will be removed in future versions of Thymeleaf.
18:11:06.141 [http-nio-8080-exec-1] WARN  org.thymeleaf.standard.processor.AbstractStandardFragmentInsertionTagProcessor - [THYMELEAF][http-nio-8080-exec-1][inquiry/inquiry] Deprecated unwrapped fragment expression "fragments/footer :: footerFragment" found in template inquiry/inquiry, line 79, col 8. Please use the complete syntax of fragment expressions instead ("~{fragments/footer :: footerFragment}"). The old, unwrapped syntax for fragment expressions will be removed in future versions of Thymeleaf.
18:11:29.260 [http-nio-8080-exec-5] WARN  org.thymeleaf.standard.processor.AbstractStandardFragmentInsertionTagProcessor - [THYMELEAF][http-nio-8080-exec-5][inquiry/admin_faq] Deprecated unwrapped fragment expression "fragments/filter :: filter(${filter})" found in template inquiry/admin_faq, line 32, col 27. Please use the complete syntax of fragment expressions instead ("~{fragments/filter :: filter(${filter})}"). The old, unwrapped syntax for fragment expressions will be removed in future versions of Thymeleaf.
18:11:29.275 [http-nio-8080-exec-5] WARN  org.thymeleaf.standard.processor.AbstractStandardFragmentInsertionTagProcessor - [THYMELEAF][http-nio-8080-exec-5][inquiry/admin_faq] Deprecated unwrapped fragment expression "fragments/pagination :: pagination" found in template inquiry/admin_faq, line 63, col 34. Please use the complete syntax of fragment expressions instead ("~{fragments/pagination :: pagination}"). The old, unwrapped syntax for fragment expressions will be removed in future versions of Thymeleaf.
18:12:05.174 [http-nio-8080-exec-5] WARN  org.thymeleaf.standard.processor.AbstractStandardFragmentInsertionTagProcessor - [THYMELEAF][http-nio-8080-exec-5][inquiry/inquiry] Deprecated unwrapped fragment expression "fragments/footer :: footerFragment" found in template inquiry/inquiry, line 79, col 8. Please use the complete syntax of fragment expressions instead ("~{fragments/footer :: footerFragment}"). The old, unwrapped syntax for fragment expressions will be removed in future versions of Thymeleaf.
18:16:07.385 [http-nio-8080-exec-9] WARN  org.thymeleaf.standard.processor.AbstractStandardFragmentInsertionTagProcessor - [THYMELEAF][http-nio-8080-exec-9][inquiry/inquiry] Deprecated unwrapped fragment expression "fragments/footer :: footerFragment" found in template inquiry/inquiry, line 79, col 8. Please use the complete syntax of fragment expressions instead ("~{fragments/footer :: footerFragment}"). The old, unwrapped syntax for fragment expressions will be removed in future versions of Thymeleaf.
18:33:00.332 [http-nio-8080-exec-8] WARN  org.thymeleaf.standard.processor.AbstractStandardFragmentInsertionTagProcessor - [THYMELEAF][http-nio-8080-exec-8][inquiry/inquiry] Deprecated unwrapped fragment expression "fragments/footer :: footerFragment" found in template inquiry/inquiry, line 79, col 8. Please use the complete syntax of fragment expressions instead ("~{fragments/footer :: footerFragment}"). The old, unwrapped syntax for fragment expressions will be removed in future versions of Thymeleaf.
18:33:28.991 [http-nio-8080-exec-6] WARN  org.thymeleaf.standard.processor.AbstractStandardFragmentInsertionTagProcessor - [THYMELEAF][http-nio-8080-exec-6][inquiry/inquiry] Deprecated unwrapped fragment expression "fragments/footer :: footerFragment" found in template inquiry/inquiry, line 79, col 8. Please use the complete syntax of fragment expressions instead ("~{fragments/footer :: footerFragment}"). The old, unwrapped syntax for fragment expressions will be removed in future versions of Thymeleaf.
18:38:08.896 [http-nio-8080-exec-5] WARN  org.thymeleaf.standard.processor.AbstractStandardFragmentInsertionTagProcessor - [THYMELEAF][http-nio-8080-exec-5][inquiry/inquiry] Deprecated unwrapped fragment expression "fragments/footer :: footerFragment" found in template inquiry/inquiry, line 79, col 8. Please use the complete syntax of fragment expressions instead ("~{fragments/footer :: footerFragment}"). The old, unwrapped syntax for fragment expressions will be removed in future versions of Thymeleaf.
18:38:22.172 [http-nio-8080-exec-2] WARN  org.thymeleaf.standard.processor.AbstractStandardFragmentInsertionTagProcessor - [THYMELEAF][http-nio-8080-exec-2][inquiry/inquiry] Deprecated unwrapped fragment expression "fragments/footer :: footerFragment" found in template inquiry/inquiry, line 79, col 8. Please use the complete syntax of fragment expressions instead ("~{fragments/footer :: footerFragment}"). The old, unwrapped syntax for fragment expressions will be removed in future versions of Thymeleaf.
18:39:04.499 [http-nio-8080-exec-10] WARN  org.thymeleaf.standard.processor.AbstractStandardFragmentInsertionTagProcessor - [THYMELEAF][http-nio-8080-exec-10][inquiry/inquiry] Deprecated unwrapped fragment expression "fragments/footer :: footerFragment" found in template inquiry/inquiry, line 79, col 8. Please use the complete syntax of fragment expressions instead ("~{fragments/footer :: footerFragment}"). The old, unwrapped syntax for fragment expressions will be removed in future versions of Thymeleaf.
18:42:10.643 [http-nio-8080-exec-4] WARN  org.thymeleaf.standard.processor.AbstractStandardFragmentInsertionTagProcessor - [THYMELEAF][http-nio-8080-exec-4][inquiry/inquiry] Deprecated unwrapped fragment expression "fragments/footer :: footerFragment" found in template inquiry/inquiry, line 79, col 8. Please use the complete syntax of fragment expressions instead ("~{fragments/footer :: footerFragment}"). The old, unwrapped syntax for fragment expressions will be removed in future versions of Thymeleaf.
18:45:21.426 [http-nio-8080-exec-1] WARN  org.thymeleaf.standard.processor.AbstractStandardFragmentInsertionTagProcessor - [THYMELEAF][http-nio-8080-exec-1][inquiry/inquiry] Deprecated unwrapped fragment expression "fragments/footer :: footerFragment" found in template inquiry/inquiry, line 79, col 8. Please use the complete syntax of fragment expressions instead ("~{fragments/footer :: footerFragment}"). The old, unwrapped syntax for fragment expressions will be removed in future versions of Thymeleaf.
18:46:01.907 [http-nio-8080-exec-5] WARN  org.thymeleaf.standard.processor.AbstractStandardFragmentInsertionTagProcessor - [THYMELEAF][http-nio-8080-exec-5][inquiry/inquiry] Deprecated unwrapped fragment expression "fragments/footer :: footerFragment" found in template inquiry/inquiry, line 79, col 8. Please use the complete syntax of fragment expressions instead ("~{fragments/footer :: footerFragment}"). The old, unwrapped syntax for fragment expressions will be removed in future versions of Thymeleaf.
